2017-08-29 10:59:07  [ main:0 ] - [ INFO ]  Refreshing org.springframework.context.annotation.AnnotationConfigApplicationContext@710efa29: startup date [Tue Aug 29 10:59:07 CST 2017]; root of context hierarchy
  2017-08-29 10:59:07  [ pool-1-thread-1:101 ] - [ INFO ]  HV000001: Hibernate Validator 5.2.2.Final
  2017-08-29 10:59:07  [ main:248 ] - [ INFO ]  JSR-330 'javax.inject.Inject' annotation found and supported for autowiring
  2017-08-29 10:59:07  [ main:312 ] - [ INFO ]  Bean 'configurationPropertiesRebinderAutoConfiguration' of type [class org.springframework.cloud.autoconfigure.ConfigurationPropertiesRebinderAutoConfiguration$$EnhancerBySpringCGLIB$$8b5a1e45] is not eligible for getting processed by all BeanPostProcessors (for example: not eligible for auto-proxying)
  2017-08-29 10:59:07  [ main:585 ] - [ INFO ]  No profiles are active
  2017-08-29 10:59:07  [ main:612 ] - [ INFO ]  Refreshing org.springframework.boot.context.embedded.AnnotationConfigEmbeddedWebApplicationContext@7f6673fa: startup date [Tue Aug 29 10:59:07 CST 2017]; parent: org.springframework.context.annotation.AnnotationConfigApplicationContext@710efa29
  2017-08-29 10:59:09  [ main:2098 ] - [ INFO ]  Overriding bean definition for bean 'beanNameViewResolver' with a different definition: replacing [Root bean: class [null]; scope=; abstract=false; lazyInit=false; autowireMode=3; dependencyCheck=0; autowireCandidate=true; primary=false; factoryBeanName=org.springframework.boot.autoconfigure.web.ErrorMvcAutoConfiguration$WhitelabelErrorViewConfiguration; factoryMethodName=beanNameViewResolver; initMethodName=null; destroyMethodName=(inferred); defined in class path resource [org/springframework/boot/autoconfigure/web/ErrorMvcAutoConfiguration$WhitelabelErrorViewConfiguration.class]] with [Root bean: class [null]; scope=; abstract=false; lazyInit=false; autowireMode=3; dependencyCheck=0; autowireCandidate=true; primary=false; factoryBeanName=org.springframework.boot.autoconfigure.web.WebMvcAutoConfiguration$WebMvcAutoConfigurationAdapter; factoryMethodName=beanNameViewResolver; initMethodName=null; destroyMethodName=(inferred); defined in class path resource [org/springframework/boot/autoconfigure/web/WebMvcAutoConfiguration$WebMvcAutoConfigurationAdapter.class]]
  2017-08-29 10:59:09  [ main:2631 ] - [ INFO ]  BeanFactory id=a354c0ce-1d5d-3fb3-af94-0313b1b9137e
  2017-08-29 10:59:10  [ main:2673 ] - [ INFO ]  JSR-330 'javax.inject.Inject' annotation found and supported for autowiring
  2017-08-29 10:59:10  [ main:2810 ] - [ INFO ]  Bean 'org.springframework.transaction.annotation.ProxyTransactionManagementConfiguration' of type [class org.springframework.transaction.annotation.ProxyTransactionManagementConfiguration$$EnhancerBySpringCGLIB$$d780b6e8] is not eligible for getting processed by all BeanPostProcessors (for example: not eligible for auto-proxying)
  2017-08-29 10:59:10  [ main:2844 ] - [ INFO ]  Bean 'org.springframework.cloud.autoconfigure.ConfigurationPropertiesRebinderAutoConfiguration' of type [class org.springframework.cloud.autoconfigure.ConfigurationPropertiesRebinderAutoConfiguration$$EnhancerBySpringCGLIB$$8b5a1e45] is not eligible for getting processed by all BeanPostProcessors (for example: not eligible for auto-proxying)
  2017-08-29 10:59:10  [ main:2853 ] - [ INFO ]  Bean 'org.springframework.cloud.autoconfigure.RefreshEndpointAutoConfiguration' of type [class org.springframework.cloud.autoconfigure.RefreshEndpointAutoConfiguration$$EnhancerBySpringCGLIB$$be38197b] is not eligible for getting processed by all BeanPostProcessors (for example: not eligible for auto-proxying)
  2017-08-29 10:59:10  [ main:3093 ] - [ INFO ]  Tomcat initialized with port(s): 8099 (http)
  2017-08-29 10:59:10  [ main:3100 ] - [ INFO ]  Starting service Tomcat
  2017-08-29 10:59:10  [ main:3101 ] - [ INFO ]  Starting Servlet Engine: Apache Tomcat/8.0.28
  2017-08-29 10:59:10  [ localhost-startStop-1:3191 ] - [ INFO ]  Initializing Spring embedded WebApplicationContext
  2017-08-29 10:59:10  [ localhost-startStop-1:3192 ] - [ INFO ]  Root WebApplicationContext: initialization completed in 2581 ms
  2017-08-29 10:59:10  [ localhost-startStop-1:3584 ] - [ INFO ]  Mapping servlet: 'dispatcherServlet' to [/]
  2017-08-29 10:59:10  [ localhost-startStop-1:3587 ] - [ INFO ]  Mapping filter: 'metricFilter' to: [/*]
  2017-08-29 10:59:10  [ localhost-startStop-1:3588 ] - [ INFO ]  Mapping filter: 'characterEncodingFilter' to: [/*]
  2017-08-29 10:59:10  [ localhost-startStop-1:3588 ] - [ INFO ]  Mapping filter: 'hiddenHttpMethodFilter' to: [/*]
  2017-08-29 10:59:10  [ localhost-startStop-1:3588 ] - [ INFO ]  Mapping filter: 'httpPutFormContentFilter' to: [/*]
  2017-08-29 10:59:10  [ localhost-startStop-1:3588 ] - [ INFO ]  Mapping filter: 'requestContextFilter' to: [/*]
  2017-08-29 10:59:10  [ localhost-startStop-1:3588 ] - [ INFO ]  Mapping filter: 'webRequestLoggingFilter' to: [/*]
  2017-08-29 10:59:10  [ localhost-startStop-1:3588 ] - [ INFO ]  Mapping filter: 'applicationContextIdFilter' to: [/*]
  2017-08-29 10:59:12  [ main:4735 ] - [ INFO ]  Building JPA container EntityManagerFactory for persistence unit 'default'
  2017-08-29 10:59:12  [ main:4739 ] - [ INFO ]  HHH000204: Processing PersistenceUnitInfo [
	name: default
	...]
  2017-08-29 10:59:12  [ main:4806 ] - [ INFO ]  HHH000412: Hibernate Core {4.3.11.Final}
  2017-08-29 10:59:12  [ main:4807 ] - [ INFO ]  HHH000206: hibernate.properties not found
  2017-08-29 10:59:12  [ main:4808 ] - [ INFO ]  HHH000021: Bytecode provider name : javassist
  2017-08-29 10:59:12  [ main:4967 ] - [ INFO ]  HCANN000001: Hibernate Commons Annotations {4.0.5.Final}
  2017-08-29 10:59:12  [ main:5055 ] - [ INFO ]  HHH000400: Using dialect: org.hibernate.dialect.Oracle10gDialect
  2017-08-29 10:59:12  [ main:5085 ] - [ INFO ]  HHH000397: Using ASTQueryTranslatorFactory
  2017-08-29 10:59:12  [ main:5498 ] - [ INFO ]  Looking for @ControllerAdvice: org.springframework.boot.context.embedded.AnnotationConfigEmbeddedWebApplicationContext@7f6673fa: startup date [Tue Aug 29 10:59:07 CST 2017]; parent: org.springframework.context.annotation.AnnotationConfigApplicationContext@710efa29
  2017-08-29 10:59:12  [ main:5592 ] - [ INFO ]  Mapped "{[/elastic/delete]}" onto public void com.gafis.elastic.ElasticSearchService.DeleteElastic(java.lang.String)
  2017-08-29 10:59:12  [ main:5597 ] - [ INFO ]  Mapped "{[/error]}" onto public org.springframework.http.ResponseEntity<java.util.Map<java.lang.String, java.lang.Object>> org.springframework.boot.autoconfigure.web.BasicErrorController.error(javax.servlet.http.HttpServletRequest)
  2017-08-29 10:59:12  [ main:5597 ] - [ INFO ]  Mapped "{[/error],produces=[text/html]}" onto public org.springframework.web.servlet.ModelAndView org.springframework.boot.autoconfigure.web.BasicErrorController.errorHtml(javax.servlet.http.HttpServletRequest)
  2017-08-29 10:59:13  [ main:5648 ] - [ INFO ]  Mapped URL path [/**] onto handler of type [class org.springframework.web.servlet.resource.ResourceHttpRequestHandler]
  2017-08-29 10:59:13  [ main:5649 ] - [ INFO ]  Mapped URL path [/webjars/**] onto handler of type [class org.springframework.web.servlet.resource.ResourceHttpRequestHandler]
  2017-08-29 10:59:13  [ main:5714 ] - [ INFO ]  Mapped URL path [/**/favicon.ico] onto handler of type [class org.springframework.web.servlet.resource.ResourceHttpRequestHandler]
  2017-08-29 10:59:13  [ main:6531 ] - [ INFO ]  Mapped "{[/archaius || /archaius.json],methods=[GET],produces=[application/json]}" onto public java.lang.Object org.springframework.boot.actuate.endpoint.mvc.EndpointMvcAdapter.invoke()
  2017-08-29 10:59:13  [ main:6532 ] - [ INFO ]  Mapped "{[/metrics/{name:.*}],methods=[GET],produces=[application/json]}" onto public java.lang.Object org.springframework.boot.actuate.endpoint.mvc.MetricsMvcEndpoint.value(java.lang.String)
  2017-08-29 10:59:13  [ main:6533 ] - [ INFO ]  Mapped "{[/metrics || /metrics.json],methods=[GET],produces=[application/json]}" onto public java.lang.Object org.springframework.boot.actuate.endpoint.mvc.EndpointMvcAdapter.invoke()
  2017-08-29 10:59:13  [ main:6534 ] - [ INFO ]  Mapped "{[/restart || /restart.json],methods=[POST]}" onto public java.lang.Object org.springframework.cloud.context.restart.RestartMvcEndpoint.invoke()
  2017-08-29 10:59:13  [ main:6536 ] - [ INFO ]  Mapped "{[/trace || /trace.json],methods=[GET],produces=[application/json]}" onto public java.lang.Object org.springframework.boot.actuate.endpoint.mvc.EndpointMvcAdapter.invoke()
  2017-08-29 10:59:13  [ main:6537 ] - [ INFO ]  Mapped "{[/dump || /dump.json],methods=[GET],produces=[application/json]}" onto public java.lang.Object org.springframework.boot.actuate.endpoint.mvc.EndpointMvcAdapter.invoke()
  2017-08-29 10:59:13  [ main:6537 ] - [ INFO ]  Mapped "{[/env],methods=[POST]}" onto public java.lang.Object org.springframework.cloud.context.environment.EnvironmentManagerMvcEndpoint.value(java.util.Map<java.lang.String, java.lang.String>)
  2017-08-29 10:59:13  [ main:6538 ] - [ INFO ]  Mapped "{[/env/reset],methods=[POST]}" onto public java.util.Map<java.lang.String, java.lang.Object> org.springframework.cloud.context.environment.EnvironmentManagerMvcEndpoint.reset()
  2017-08-29 10:59:13  [ main:6538 ] - [ INFO ]  Mapped "{[/env/{name:.*}],methods=[GET],produces=[application/json]}" onto public java.lang.Object org.springframework.boot.actuate.endpoint.mvc.EnvironmentMvcEndpoint.value(java.lang.String)
  2017-08-29 10:59:13  [ main:6539 ] - [ INFO ]  Mapped "{[/env || /env.json],methods=[GET],produces=[application/json]}" onto public java.lang.Object org.springframework.boot.actuate.endpoint.mvc.EndpointMvcAdapter.invoke()
  2017-08-29 10:59:13  [ main:6539 ] - [ INFO ]  Mapped "{[/autoconfig || /autoconfig.json],methods=[GET],produces=[application/json]}" onto public java.lang.Object org.springframework.boot.actuate.endpoint.mvc.EndpointMvcAdapter.invoke()
  2017-08-29 10:59:13  [ main:6540 ] - [ INFO ]  Mapped "{[/configprops || /configprops.json],methods=[GET],produces=[application/json]}" onto public java.lang.Object org.springframework.boot.actuate.endpoint.mvc.EndpointMvcAdapter.invoke()
  2017-08-29 10:59:13  [ main:6540 ] - [ INFO ]  Mapped "{[/features || /features.json],methods=[GET],produces=[application/json]}" onto public java.lang.Object org.springframework.boot.actuate.endpoint.mvc.EndpointMvcAdapter.invoke()
  2017-08-29 10:59:13  [ main:6541 ] - [ INFO ]  Mapped "{[/health || /health.json],produces=[application/json]}" onto public java.lang.Object org.springframework.boot.actuate.endpoint.mvc.HealthMvcEndpoint.invoke(java.security.Principal)
  2017-08-29 10:59:13  [ main:6542 ] - [ INFO ]  Mapped "{[/info || /info.json],methods=[GET],produces=[application/json]}" onto public java.lang.Object org.springframework.boot.actuate.endpoint.mvc.EndpointMvcAdapter.invoke()
  2017-08-29 10:59:13  [ main:6543 ] - [ INFO ]  Mapped "{[/resume || /resume.json],methods=[POST]}" onto public java.lang.Object org.springframework.cloud.endpoint.GenericPostableMvcEndpoint.invoke()
  2017-08-29 10:59:13  [ main:6543 ] - [ INFO ]  Mapped "{[/pause || /pause.json],methods=[POST]}" onto public java.lang.Object org.springframework.cloud.endpoint.GenericPostableMvcEndpoint.invoke()
  2017-08-29 10:59:13  [ main:6544 ] - [ INFO ]  Mapped "{[/beans || /beans.json],methods=[GET],produces=[application/json]}" onto public java.lang.Object org.springframework.boot.actuate.endpoint.mvc.EndpointMvcAdapter.invoke()
  2017-08-29 10:59:13  [ main:6545 ] - [ INFO ]  Mapped "{[/mappings || /mappings.json],methods=[GET],produces=[application/json]}" onto public java.lang.Object org.springframework.boot.actuate.endpoint.mvc.EndpointMvcAdapter.invoke()
  2017-08-29 10:59:13  [ main:6545 ] - [ INFO ]  Mapped "{[/refresh || /refresh.json],methods=[POST]}" onto public java.lang.Object org.springframework.cloud.endpoint.GenericPostableMvcEndpoint.invoke()
  2017-08-29 10:59:14  [ main:6744 ] - [ WARN ]  No spring.application.name found, defaulting to 'application'
  2017-08-29 10:59:14  [ main:6748 ] - [ WARN ]  No URLs will be polled as dynamic configuration sources.
  2017-08-29 10:59:14  [ main:6749 ] - [ INFO ]  To enable URLs as dynamic configuration sources, define System property archaius.configurationSource.additionalUrls or make config.properties available on classpath.
  2017-08-29 10:59:14  [ main:6754 ] - [ WARN ]  No URLs will be polled as dynamic configuration sources.
  2017-08-29 10:59:14  [ main:6754 ] - [ INFO ]  To enable URLs as dynamic configuration sources, define System property archaius.configurationSource.additionalUrls or make config.properties available on classpath.
  2017-08-29 10:59:14  [ main:7007 ] - [ INFO ]  Registering beans for JMX exposure on startup
  2017-08-29 10:59:14  [ main:7020 ] - [ INFO ]  Bean with name 'refreshScope' has been autodetected for JMX exposure
  2017-08-29 10:59:14  [ main:7021 ] - [ INFO ]  Bean with name 'environmentManager' has been autodetected for JMX exposure
  2017-08-29 10:59:14  [ main:7023 ] - [ INFO ]  Bean with name 'configurationPropertiesRebinder' has been autodetected for JMX exposure
  2017-08-29 10:59:14  [ main:7023 ] - [ INFO ]  Bean with name 'refreshEndpoint' has been autodetected for JMX exposure
  2017-08-29 10:59:14  [ main:7024 ] - [ INFO ]  Bean with name 'restartEndpoint' has been autodetected for JMX exposure
  2017-08-29 10:59:14  [ main:7028 ] - [ INFO ]  Located managed bean 'environmentManager': registering with JMX server as MBean [org.springframework.cloud.context.environment:name=environmentManager,type=EnvironmentManager]
  2017-08-29 10:59:14  [ main:7045 ] - [ INFO ]  Located managed bean 'refreshScope': registering with JMX server as MBean [org.springframework.cloud.context.scope.refresh:name=refreshScope,type=RefreshScope]
  2017-08-29 10:59:14  [ main:7060 ] - [ INFO ]  Located managed bean 'restartEndpoint': registering with JMX server as MBean [org.springframework.cloud.context.restart:name=restartEndpoint,type=RestartEndpoint]
  2017-08-29 10:59:14  [ main:7076 ] - [ INFO ]  Located managed bean 'refreshEndpoint': registering with JMX server as MBean [org.springframework.cloud.endpoint:name=refreshEndpoint,type=RefreshEndpoint]
  2017-08-29 10:59:14  [ main:7085 ] - [ INFO ]  Located managed bean 'configurationPropertiesRebinder': registering with JMX server as MBean [org.springframework.cloud.context.properties:name=configurationPropertiesRebinder,context=7f6673fa,type=ConfigurationPropertiesRebinder]
  2017-08-29 10:59:14  [ main:7089 ] - [ INFO ]  Registering beans for JMX exposure on startup
  2017-08-29 10:59:14  [ main:7382 ] - [ INFO ]  Starting beans in phase 0
  2017-08-29 10:59:14  [ main:7385 ] - [ INFO ]  Located managed bean 'featuresEndpoint': registering with JMX server as MBean [org.springframework.boot:type=Endpoint,name=featuresEndpoint]
  2017-08-29 10:59:14  [ main:7396 ] - [ INFO ]  Located managed bean 'requestMappingEndpoint': registering with JMX server as MBean [org.springframework.boot:type=Endpoint,name=requestMappingEndpoint]
  2017-08-29 10:59:14  [ main:7401 ] - [ INFO ]  Located managed bean 'environmentEndpoint': registering with JMX server as MBean [org.springframework.boot:type=Endpoint,name=environmentEndpoint]
  2017-08-29 10:59:14  [ main:7407 ] - [ INFO ]  Located managed bean 'healthEndpoint': registering with JMX server as MBean [org.springframework.boot:type=Endpoint,name=healthEndpoint]
  2017-08-29 10:59:14  [ main:7413 ] - [ INFO ]  Located managed bean 'beansEndpoint': registering with JMX server as MBean [org.springframework.boot:type=Endpoint,name=beansEndpoint]
  2017-08-29 10:59:14  [ main:7419 ] - [ INFO ]  Located managed bean 'infoEndpoint': registering with JMX server as MBean [org.springframework.boot:type=Endpoint,name=infoEndpoint]
  2017-08-29 10:59:14  [ main:7425 ] - [ INFO ]  Located managed bean 'metricsEndpoint': registering with JMX server as MBean [org.springframework.boot:type=Endpoint,name=metricsEndpoint]
  2017-08-29 10:59:14  [ main:7431 ] - [ INFO ]  Located managed bean 'traceEndpoint': registering with JMX server as MBean [org.springframework.boot:type=Endpoint,name=traceEndpoint]
  2017-08-29 10:59:14  [ main:7437 ] - [ INFO ]  Located managed bean 'dumpEndpoint': registering with JMX server as MBean [org.springframework.boot:type=Endpoint,name=dumpEndpoint]
  2017-08-29 10:59:14  [ main:7443 ] - [ INFO ]  Located managed bean 'autoConfigurationReportEndpoint': registering with JMX server as MBean [org.springframework.boot:type=Endpoint,name=autoConfigurationReportEndpoint]
  2017-08-29 10:59:14  [ main:7449 ] - [ INFO ]  Located managed bean 'configurationPropertiesReportEndpoint': registering with JMX server as MBean [org.springframework.boot:type=Endpoint,name=configurationPropertiesReportEndpoint]
  2017-08-29 10:59:14  [ main:7457 ] - [ INFO ]  Located managed bean 'archaiusEndpoint': registering with JMX server as MBean [org.springframework.boot:type=Endpoint,name=archaiusEndpoint]
  2017-08-29 10:59:14  [ main:7512 ] - [ INFO ]  Initializing ProtocolHandler ["http-nio-8099"]
  2017-08-29 10:59:14  [ main:7518 ] - [ INFO ]  Starting ProtocolHandler ["http-nio-8099"]
  2017-08-29 10:59:14  [ main:7530 ] - [ INFO ]  Using a shared selector for servlet write/read
  2017-08-29 10:59:14  [ main:7543 ] - [ INFO ]  Tomcat started on port(s): 8099 (http)
  2017-08-29 10:59:14  [ main:7549 ] - [ INFO ]  Started SpringbootMyBatisApplication in 8.023 seconds (JVM running for 8.428)
  2017-08-29 10:59:20  [ pool-4-thread-1:12649 ] - [ INFO ]  同步完成情况-定时任务执行中......
  2017-08-29 10:59:20  [ pool-4-thread-1:12727 ] - [ ERROR ]  出现错误:错误信息:-1,堆栈信息:[java.util.ArrayList.elementData(ArrayList.java:400), java.util.ArrayList.get(ArrayList.java:413), com.gafis.sync.SyncTask.cronData(SyncTask.java:49), com.gafis.sync.SyncTask.scheduler(SyncTask.java:38), sun.reflect.NativeMethodAccessorImpl.invoke0(Native Method), sun.reflect.NativeMethodAccessorImpl.invoke(NativeMethodAccessorImpl.java:57), sun.reflect.DelegatingMethodAccessorImpl.invoke(DelegatingMethodAccessorImpl.java:43), java.lang.reflect.Method.invoke(Method.java:606), org.springframework.scheduling.support.ScheduledMethodRunnable.run(ScheduledMethodRunnable.java:65), org.springframework.scheduling.support.DelegatingErrorHandlingRunnable.run(DelegatingErrorHandlingRunnable.java:54), org.springframework.scheduling.concurrent.ReschedulingRunnable.run(ReschedulingRunnable.java:81), java.util.concurrent.Executors$RunnableAdapter.call(Executors.java:471), java.util.concurrent.FutureTask.run(FutureTask.java:262), java.util.concurrent.ScheduledThreadPoolExecutor$ScheduledFutureTask.access$201(ScheduledThreadPoolExecutor.java:178), java.util.concurrent.ScheduledThreadPoolExecutor$ScheduledFutureTask.run(ScheduledThreadPoolExecutor.java:292), java.util.concurrent.ThreadPoolExecutor.runWorker(ThreadPoolExecutor.java:1145), java.util.concurrent.ThreadPoolExecutor$Worker.run(ThreadPoolExecutor.java:615), java.lang.Thread.run(Thread.java:745)]
  2017-08-29 10:59:23  [ http-nio-8099-exec-1:16311 ] - [ INFO ]  Initializing Spring FrameworkServlet 'dispatcherServlet'
  2017-08-29 10:59:23  [ http-nio-8099-exec-1:16311 ] - [ INFO ]  FrameworkServlet 'dispatcherServlet': initialization started
  2017-08-29 10:59:23  [ http-nio-8099-exec-1:16327 ] - [ INFO ]  FrameworkServlet 'dispatcherServlet': initialization completed in 16 ms
  2017-08-29 10:59:23  [ http-nio-8099-exec-1:16440 ] - [ INFO ]  [Brain-Child] loaded [], sites []
  2017-08-29 10:59:24  [ http-nio-8099-exec-1:16949 ] - [ INFO ]   成功删除: aa
  2017-08-29 10:59:30  [ pool-4-thread-1:22646 ] - [ INFO ]  同步完成情况-定时任务执行中......
  2017-08-29 10:59:30  [ pool-4-thread-1:22661 ] - [ ERROR ]  出现错误:错误信息:-1,堆栈信息:[java.util.ArrayList.elementData(ArrayList.java:400), java.util.ArrayList.get(ArrayList.java:413), com.gafis.sync.SyncTask.cronData(SyncTask.java:49), com.gafis.sync.SyncTask.scheduler(SyncTask.java:38), sun.reflect.NativeMethodAccessorImpl.invoke0(Native Method), sun.reflect.NativeMethodAccessorImpl.invoke(NativeMethodAccessorImpl.java:57), sun.reflect.DelegatingMethodAccessorImpl.invoke(DelegatingMethodAccessorImpl.java:43), java.lang.reflect.Method.invoke(Method.java:606), org.springframework.scheduling.support.ScheduledMethodRunnable.run(ScheduledMethodRunnable.java:65), org.springframework.scheduling.support.DelegatingErrorHandlingRunnable.run(DelegatingErrorHandlingRunnable.java:54), org.springframework.scheduling.concurrent.ReschedulingRunnable.run(ReschedulingRunnable.java:81), java.util.concurrent.Executors$RunnableAdapter.call(Executors.java:471), java.util.concurrent.FutureTask.run(FutureTask.java:262), java.util.concurrent.ScheduledThreadPoolExecutor$ScheduledFutureTask.access$201(ScheduledThreadPoolExecutor.java:178), java.util.concurrent.ScheduledThreadPoolExecutor$ScheduledFutureTask.run(ScheduledThreadPoolExecutor.java:292), java.util.concurrent.ThreadPoolExecutor.runWorker(ThreadPoolExecutor.java:1145), java.util.concurrent.ThreadPoolExecutor$Worker.run(ThreadPoolExecutor.java:615), java.lang.Thread.run(Thread.java:745)]
  2017-08-29 10:59:40  [ pool-4-thread-1:32643 ] - [ INFO ]  同步完成情况-定时任务执行中......
  2017-08-29 10:59:40  [ pool-4-thread-1:32650 ] - [ ERROR ]  出现错误:错误信息:-1,堆栈信息:[java.util.ArrayList.elementData(ArrayList.java:400), java.util.ArrayList.get(ArrayList.java:413), com.gafis.sync.SyncTask.cronData(SyncTask.java:49), com.gafis.sync.SyncTask.scheduler(SyncTask.java:38), sun.reflect.NativeMethodAccessorImpl.invoke0(Native Method), sun.reflect.NativeMethodAccessorImpl.invoke(NativeMethodAccessorImpl.java:57), sun.reflect.DelegatingMethodAccessorImpl.invoke(DelegatingMethodAccessorImpl.java:43), java.lang.reflect.Method.invoke(Method.java:606), org.springframework.scheduling.support.ScheduledMethodRunnable.run(ScheduledMethodRunnable.java:65), org.springframework.scheduling.support.DelegatingErrorHandlingRunnable.run(DelegatingErrorHandlingRunnable.java:54), org.springframework.scheduling.concurrent.ReschedulingRunnable.run(ReschedulingRunnable.java:81), java.util.concurrent.Executors$RunnableAdapter.call(Executors.java:471), java.util.concurrent.FutureTask.run(FutureTask.java:262), java.util.concurrent.ScheduledThreadPoolExecutor$ScheduledFutureTask.access$201(ScheduledThreadPoolExecutor.java:178), java.util.concurrent.ScheduledThreadPoolExecutor$ScheduledFutureTask.run(ScheduledThreadPoolExecutor.java:292), java.util.concurrent.ThreadPoolExecutor.runWorker(ThreadPoolExecutor.java:1145), java.util.concurrent.ThreadPoolExecutor$Worker.run(ThreadPoolExecutor.java:615), java.lang.Thread.run(Thread.java:745)]
  2017-08-29 10:59:50  [ pool-4-thread-1:42646 ] - [ INFO ]  同步完成情况-定时任务执行中......
  2017-08-29 10:59:50  [ pool-4-thread-1:42655 ] - [ ERROR ]  出现错误:错误信息:-1,堆栈信息:[java.util.ArrayList.elementData(ArrayList.java:400), java.util.ArrayList.get(ArrayList.java:413), com.gafis.sync.SyncTask.cronData(SyncTask.java:49), com.gafis.sync.SyncTask.scheduler(SyncTask.java:38), sun.reflect.NativeMethodAccessorImpl.invoke0(Native Method), sun.reflect.NativeMethodAccessorImpl.invoke(NativeMethodAccessorImpl.java:57), sun.reflect.DelegatingMethodAccessorImpl.invoke(DelegatingMethodAccessorImpl.java:43), java.lang.reflect.Method.invoke(Method.java:606), org.springframework.scheduling.support.ScheduledMethodRunnable.run(ScheduledMethodRunnable.java:65), org.springframework.scheduling.support.DelegatingErrorHandlingRunnable.run(DelegatingErrorHandlingRunnable.java:54), org.springframework.scheduling.concurrent.ReschedulingRunnable.run(ReschedulingRunnable.java:81), java.util.concurrent.Executors$RunnableAdapter.call(Executors.java:471), java.util.concurrent.FutureTask.run(FutureTask.java:262), java.util.concurrent.ScheduledThreadPoolExecutor$ScheduledFutureTask.access$201(ScheduledThreadPoolExecutor.java:178), java.util.concurrent.ScheduledThreadPoolExecutor$ScheduledFutureTask.run(ScheduledThreadPoolExecutor.java:292), java.util.concurrent.ThreadPoolExecutor.runWorker(ThreadPoolExecutor.java:1145), java.util.concurrent.ThreadPoolExecutor$Worker.run(ThreadPoolExecutor.java:615), java.lang.Thread.run(Thread.java:745)]
  