2017-08-29 19:04:31  [ main:0 ] - [ INFO ]  Refreshing org.springframework.context.annotation.AnnotationConfigApplicationContext@2bf548ea: startup date [Tue Aug 29 19:04:31 CST 2017]; root of context hierarchy
  2017-08-29 19:04:31  [ pool-2-thread-1:12 ] - [ INFO ]  HV000001: Hibernate Validator 5.2.2.Final
  2017-08-29 19:04:32  [ main:251 ] - [ INFO ]  JSR-330 'javax.inject.Inject' annotation found and supported for autowiring
  2017-08-29 19:04:32  [ main:319 ] - [ INFO ]  Bean 'configurationPropertiesRebinderAutoConfiguration' of type [class org.springframework.cloud.autoconfigure.ConfigurationPropertiesRebinderAutoConfiguration$$EnhancerBySpringCGLIB$$9ed2cd28] is not eligible for getting processed by all BeanPostProcessors (for example: not eligible for auto-proxying)
  2017-08-29 19:04:32  [ main:558 ] - [ INFO ]  No profiles are active
  2017-08-29 19:04:32  [ main:585 ] - [ INFO ]  Refreshing org.springframework.boot.context.embedded.AnnotationConfigEmbeddedWebApplicationContext@4de27a8f: startup date [Tue Aug 29 19:04:32 CST 2017]; parent: org.springframework.context.annotation.AnnotationConfigApplicationContext@2bf548ea
  2017-08-29 19:04:34  [ main:2311 ] - [ INFO ]  Overriding bean definition for bean 'beanNameViewResolver' with a different definition: replacing [Root bean: class [null]; scope=; abstract=false; lazyInit=false; autowireMode=3; dependencyCheck=0; autowireCandidate=true; primary=false; factoryBeanName=org.springframework.boot.autoconfigure.web.ErrorMvcAutoConfiguration$WhitelabelErrorViewConfiguration; factoryMethodName=beanNameViewResolver; initMethodName=null; destroyMethodName=(inferred); defined in class path resource [org/springframework/boot/autoconfigure/web/ErrorMvcAutoConfiguration$WhitelabelErrorViewConfiguration.class]] with [Root bean: class [null]; scope=; abstract=false; lazyInit=false; autowireMode=3; dependencyCheck=0; autowireCandidate=true; primary=false; factoryBeanName=org.springframework.boot.autoconfigure.web.WebMvcAutoConfiguration$WebMvcAutoConfigurationAdapter; factoryMethodName=beanNameViewResolver; initMethodName=null; destroyMethodName=(inferred); defined in class path resource [org/springframework/boot/autoconfigure/web/WebMvcAutoConfiguration$WebMvcAutoConfigurationAdapter.class]]
  2017-08-29 19:04:34  [ main:2818 ] - [ INFO ]  BeanFactory id=f53d0474-b1e3-32d7-b802-512aa4215fec
  2017-08-29 19:04:34  [ main:2864 ] - [ INFO ]  JSR-330 'javax.inject.Inject' annotation found and supported for autowiring
  2017-08-29 19:04:34  [ main:3003 ] - [ INFO ]  Bean 'org.springframework.transaction.annotation.ProxyTransactionManagementConfiguration' of type [class org.springframework.transaction.annotation.ProxyTransactionManagementConfiguration$$EnhancerBySpringCGLIB$$eaf965cb] is not eligible for getting processed by all BeanPostProcessors (for example: not eligible for auto-proxying)
  2017-08-29 19:04:34  [ main:3046 ] - [ INFO ]  Bean 'org.springframework.cloud.autoconfigure.ConfigurationPropertiesRebinderAutoConfiguration' of type [class org.springframework.cloud.autoconfigure.ConfigurationPropertiesRebinderAutoConfiguration$$EnhancerBySpringCGLIB$$9ed2cd28] is not eligible for getting processed by all BeanPostProcessors (for example: not eligible for auto-proxying)
  2017-08-29 19:04:34  [ main:3060 ] - [ INFO ]  Bean 'org.springframework.cloud.autoconfigure.RefreshEndpointAutoConfiguration' of type [class org.springframework.cloud.autoconfigure.RefreshEndpointAutoConfiguration$$EnhancerBySpringCGLIB$$d1b0c85e] is not eligible for getting processed by all BeanPostProcessors (for example: not eligible for auto-proxying)
  2017-08-29 19:04:35  [ main:3324 ] - [ INFO ]  Tomcat initialized with port(s): 8099 (http)
  2017-08-29 19:04:35  [ main:3333 ] - [ INFO ]  Starting service Tomcat
  2017-08-29 19:04:35  [ main:3334 ] - [ INFO ]  Starting Servlet Engine: Apache Tomcat/8.0.28
  2017-08-29 19:04:35  [ localhost-startStop-1:3421 ] - [ INFO ]  Initializing Spring embedded WebApplicationContext
  2017-08-29 19:04:35  [ localhost-startStop-1:3422 ] - [ INFO ]  Root WebApplicationContext: initialization completed in 2837 ms
  2017-08-29 19:04:35  [ localhost-startStop-1:3829 ] - [ INFO ]  Mapping servlet: 'dispatcherServlet' to [/]
  2017-08-29 19:04:35  [ localhost-startStop-1:3833 ] - [ INFO ]  Mapping filter: 'metricFilter' to: [/*]
  2017-08-29 19:04:35  [ localhost-startStop-1:3834 ] - [ INFO ]  Mapping filter: 'characterEncodingFilter' to: [/*]
  2017-08-29 19:04:35  [ localhost-startStop-1:3834 ] - [ INFO ]  Mapping filter: 'hiddenHttpMethodFilter' to: [/*]
  2017-08-29 19:04:35  [ localhost-startStop-1:3834 ] - [ INFO ]  Mapping filter: 'httpPutFormContentFilter' to: [/*]
  2017-08-29 19:04:35  [ localhost-startStop-1:3834 ] - [ INFO ]  Mapping filter: 'requestContextFilter' to: [/*]
  2017-08-29 19:04:35  [ localhost-startStop-1:3834 ] - [ INFO ]  Mapping filter: 'webRequestLoggingFilter' to: [/*]
  2017-08-29 19:04:35  [ localhost-startStop-1:3834 ] - [ INFO ]  Mapping filter: 'applicationContextIdFilter' to: [/*]
  2017-08-29 19:05:35  [ main:64168 ] - [ ERROR ]  Unable to create initial connections of pool.
  java.sql.SQLRecoverableException: IO 错误: The Network Adapter could not establish the connection
	at oracle.jdbc.driver.T4CConnection.logon(T4CConnection.java:458)
	at oracle.jdbc.driver.PhysicalConnection.<init>(PhysicalConnection.java:546)
	at oracle.jdbc.driver.T4CConnection.<init>(T4CConnection.java:236)
	at oracle.jdbc.driver.T4CDriverExtension.getConnection(T4CDriverExtension.java:32)
	at oracle.jdbc.driver.OracleDriver.connect(OracleDriver.java:521)
	at org.apache.tomcat.jdbc.pool.PooledConnection.connectUsingDriver(PooledConnection.java:307)
	at org.apache.tomcat.jdbc.pool.PooledConnection.connect(PooledConnection.java:200)
	at org.apache.tomcat.jdbc.pool.ConnectionPool.createConnection(ConnectionPool.java:708)
	at org.apache.tomcat.jdbc.pool.ConnectionPool.borrowConnection(ConnectionPool.java:642)
	at org.apache.tomcat.jdbc.pool.ConnectionPool.init(ConnectionPool.java:464)
	at org.apache.tomcat.jdbc.pool.ConnectionPool.<init>(ConnectionPool.java:141)
	at org.apache.tomcat.jdbc.pool.DataSourceProxy.pCreatePool(DataSourceProxy.java:115)
	at org.apache.tomcat.jdbc.pool.DataSourceProxy.createPool(DataSourceProxy.java:102)
	at org.apache.tomcat.jdbc.pool.DataSourceProxy.getConnection(DataSourceProxy.java:126)
	at org.springframework.jdbc.datasource.DataSourceUtils.doGetConnection(DataSourceUtils.java:111)
	at org.springframework.jdbc.datasource.DataSourceUtils.getConnection(DataSourceUtils.java:77)
	at org.springframework.jdbc.core.JdbcTemplate.execute(JdbcTemplate.java:338)
	at org.springframework.boot.autoconfigure.jdbc.EmbeddedDatabaseConnection.isEmbedded(EmbeddedDatabaseConnection.java:125)
	at org.springframework.boot.autoconfigure.orm.jpa.JpaProperties$Hibernate.getDefaultDdlAuto(JpaProperties.java:198)
	at org.springframework.boot.autoconfigure.orm.jpa.JpaProperties$Hibernate.getOrDeduceDdlAuto(JpaProperties.java:186)
	at org.springframework.boot.autoconfigure.orm.jpa.JpaProperties$Hibernate.getAdditionalProperties(JpaProperties.java:165)
	at org.springframework.boot.autoconfigure.orm.jpa.JpaProperties$Hibernate.access$000(JpaProperties.java:126)
	at org.springframework.boot.autoconfigure.orm.jpa.JpaProperties.getHibernateProperties(JpaProperties.java:123)
	at org.springframework.boot.autoconfigure.orm.jpa.HibernateJpaAutoConfiguration.getVendorProperties(HibernateJpaAutoConfiguration.java:99)
	at org.springframework.boot.autoconfigure.orm.jpa.JpaBaseConfiguration.entityManagerFactory(JpaBaseConfiguration.java:115)
	at org.springframework.boot.autoconfigure.orm.jpa.HibernateJpaAutoConfiguration$$EnhancerBySpringCGLIB$$d605c5eb.CGLIB$entityManagerFactory$5(<generated>)
	at org.springframework.boot.autoconfigure.orm.jpa.HibernateJpaAutoConfiguration$$EnhancerBySpringCGLIB$$d605c5eb$$FastClassBySpringCGLIB$$142645e4.invoke(<generated>)
	at org.springframework.cglib.proxy.MethodProxy.invokeSuper(MethodProxy.java:228)
	at org.springframework.context.annotation.ConfigurationClassEnhancer$BeanMethodInterceptor.intercept(ConfigurationClassEnhancer.java:318)
	at org.springframework.boot.autoconfigure.orm.jpa.HibernateJpaAutoConfiguration$$EnhancerBySpringCGLIB$$d605c5eb.entityManagerFactory(<generated>)
	at sun.reflect.NativeMethodAccessorImpl.invoke0(Native Method)
	at sun.reflect.NativeMethodAccessorImpl.invoke(NativeMethodAccessorImpl.java:57)
	at sun.reflect.DelegatingMethodAccessorImpl.invoke(DelegatingMethodAccessorImpl.java:43)
	at java.lang.reflect.Method.invoke(Method.java:606)
	at org.springframework.beans.factory.support.SimpleInstantiationStrategy.instantiate(SimpleInstantiationStrategy.java:162)
	at org.springframework.beans.factory.support.ConstructorResolver.instantiateUsingFactoryMethod(ConstructorResolver.java:588)
	at org.springframework.beans.factory.support.AbstractAutowireCapableBeanFactory.instantiateUsingFactoryMethod(AbstractAutowireCapableBeanFactory.java:1123)
	at org.springframework.beans.factory.support.AbstractAutowireCapableBeanFactory.createBeanInstance(AbstractAutowireCapableBeanFactory.java:1018)
	at org.springframework.beans.factory.support.AbstractAutowireCapableBeanFactory.doCreateBean(AbstractAutowireCapableBeanFactory.java:510)
	at org.springframework.beans.factory.support.AbstractAutowireCapableBeanFactory.createBean(AbstractAutowireCapableBeanFactory.java:482)
	at org.springframework.beans.factory.support.AbstractBeanFactory$1.getObject(AbstractBeanFactory.java:306)
	at org.springframework.beans.factory.support.DefaultSingletonBeanRegistry.getSingleton(DefaultSingletonBeanRegistry.java:230)
	at org.springframework.beans.factory.support.AbstractBeanFactory.doGetBean(AbstractBeanFactory.java:302)
	at org.springframework.beans.factory.support.AbstractBeanFactory.getBean(AbstractBeanFactory.java:197)
	at org.springframework.context.support.AbstractApplicationContext.getBean(AbstractApplicationContext.java:1051)
	at org.springframework.context.support.AbstractApplicationContext.finishBeanFactoryInitialization(AbstractApplicationContext.java:828)
	at org.springframework.context.support.AbstractApplicationContext.refresh(AbstractApplicationContext.java:537)
	at org.springframework.boot.context.embedded.EmbeddedWebApplicationContext.refresh(EmbeddedWebApplicationContext.java:118)
	at org.springframework.boot.SpringApplication.refresh(SpringApplication.java:752)
	at org.springframework.boot.SpringApplication.doRun(SpringApplication.java:347)
	at org.springframework.boot.SpringApplication.run(SpringApplication.java:295)
	at org.springframework.boot.builder.SpringApplicationBuilder.run(SpringApplicationBuilder.java:134)
	at com.gafis.SpringbootMyBatisApplication.main(SpringbootMyBatisApplication.java:72)
Caused by: oracle.net.ns.NetException: The Network Adapter could not establish the connection
	at oracle.net.nt.ConnStrategy.execute(ConnStrategy.java:392)
	at oracle.net.resolver.AddrResolution.resolveAndExecute(AddrResolution.java:434)
	at oracle.net.ns.NSProtocol.establishConnection(NSProtocol.java:687)
	at oracle.net.ns.NSProtocol.connect(NSProtocol.java:247)
	at oracle.jdbc.driver.T4CConnection.connect(T4CConnection.java:1102)
	at oracle.jdbc.driver.T4CConnection.logon(T4CConnection.java:320)
	... 52 more
Caused by: java.net.SocketTimeoutException: connect timed out
	at java.net.PlainSocketImpl.socketConnect(Native Method)
	at java.net.AbstractPlainSocketImpl.doConnect(AbstractPlainSocketImpl.java:339)
	at java.net.AbstractPlainSocketImpl.connectToAddress(AbstractPlainSocketImpl.java:200)
	at java.net.AbstractPlainSocketImpl.connect(AbstractPlainSocketImpl.java:182)
	at java.net.SocksSocketImpl.connect(SocksSocketImpl.java:392)
	at java.net.Socket.connect(Socket.java:579)
	at oracle.net.nt.TcpNTAdapter.connect(TcpNTAdapter.java:150)
	at oracle.net.nt.ConnOption.connect(ConnOption.java:133)
	at oracle.net.nt.ConnStrategy.execute(ConnStrategy.java:370)
	... 57 more
2017-08-29 19:05:35  [ main:64189 ] - [ INFO ]  Building JPA container EntityManagerFactory for persistence unit 'default'
  2017-08-29 19:05:35  [ main:64194 ] - [ INFO ]  HHH000204: Processing PersistenceUnitInfo [
	name: default
	...]
  2017-08-29 19:05:36  [ main:64255 ] - [ INFO ]  HHH000412: Hibernate Core {4.3.11.Final}
  2017-08-29 19:05:36  [ main:64257 ] - [ INFO ]  HHH000206: hibernate.properties not found
  2017-08-29 19:05:36  [ main:64258 ] - [ INFO ]  HHH000021: Bytecode provider name : javassist
  2017-08-29 19:05:36  [ main:64410 ] - [ INFO ]  HCANN000001: Hibernate Commons Annotations {4.0.5.Final}
  2017-08-29 19:06:36  [ main:124450 ] - [ ERROR ]  Unable to create initial connections of pool.
  java.sql.SQLRecoverableException: IO 错误: The Network Adapter could not establish the connection
	at oracle.jdbc.driver.T4CConnection.logon(T4CConnection.java:458)
	at oracle.jdbc.driver.PhysicalConnection.<init>(PhysicalConnection.java:546)
	at oracle.jdbc.driver.T4CConnection.<init>(T4CConnection.java:236)
	at oracle.jdbc.driver.T4CDriverExtension.getConnection(T4CDriverExtension.java:32)
	at oracle.jdbc.driver.OracleDriver.connect(OracleDriver.java:521)
	at org.apache.tomcat.jdbc.pool.PooledConnection.connectUsingDriver(PooledConnection.java:307)
	at org.apache.tomcat.jdbc.pool.PooledConnection.connect(PooledConnection.java:200)
	at org.apache.tomcat.jdbc.pool.ConnectionPool.createConnection(ConnectionPool.java:708)
	at org.apache.tomcat.jdbc.pool.ConnectionPool.borrowConnection(ConnectionPool.java:642)
	at org.apache.tomcat.jdbc.pool.ConnectionPool.init(ConnectionPool.java:464)
	at org.apache.tomcat.jdbc.pool.ConnectionPool.<init>(ConnectionPool.java:141)
	at org.apache.tomcat.jdbc.pool.DataSourceProxy.pCreatePool(DataSourceProxy.java:115)
	at org.apache.tomcat.jdbc.pool.DataSourceProxy.createPool(DataSourceProxy.java:102)
	at org.apache.tomcat.jdbc.pool.DataSourceProxy.getConnection(DataSourceProxy.java:126)
	at org.hibernate.engine.jdbc.connections.internal.DatasourceConnectionProviderImpl.getConnection(DatasourceConnectionProviderImpl.java:139)
	at org.hibernate.engine.jdbc.internal.JdbcServicesImpl$ConnectionProviderJdbcConnectionAccess.obtainConnection(JdbcServicesImpl.java:279)
	at org.hibernate.engine.jdbc.internal.JdbcServicesImpl.configure(JdbcServicesImpl.java:124)
	at org.hibernate.boot.registry.internal.StandardServiceRegistryImpl.configureService(StandardServiceRegistryImpl.java:111)
	at org.hibernate.service.internal.AbstractServiceRegistryImpl.initializeService(AbstractServiceRegistryImpl.java:234)
	at org.hibernate.service.internal.AbstractServiceRegistryImpl.getService(AbstractServiceRegistryImpl.java:206)
	at org.hibernate.cfg.Configuration.buildTypeRegistrations(Configuration.java:1887)
	at org.hibernate.cfg.Configuration.buildSessionFactory(Configuration.java:1845)
	at org.hibernate.jpa.boot.internal.EntityManagerFactoryBuilderImpl$4.perform(EntityManagerFactoryBuilderImpl.java:857)
	at org.hibernate.jpa.boot.internal.EntityManagerFactoryBuilderImpl$4.perform(EntityManagerFactoryBuilderImpl.java:850)
	at org.hibernate.boot.registry.classloading.internal.ClassLoaderServiceImpl.withTccl(ClassLoaderServiceImpl.java:425)
	at org.hibernate.jpa.boot.internal.EntityManagerFactoryBuilderImpl.build(EntityManagerFactoryBuilderImpl.java:849)
	at org.springframework.orm.jpa.vendor.SpringHibernateJpaPersistenceProvider.createContainerEntityManagerFactory(SpringHibernateJpaPersistenceProvider.java:60)
	at org.springframework.orm.jpa.LocalContainerEntityManagerFactoryBean.createNativeEntityManagerFactory(LocalContainerEntityManagerFactoryBean.java:343)
	at org.springframework.orm.jpa.AbstractEntityManagerFactoryBean.afterPropertiesSet(AbstractEntityManagerFactoryBean.java:318)
	at org.springframework.beans.factory.support.AbstractAutowireCapableBeanFactory.invokeInitMethods(AbstractAutowireCapableBeanFactory.java:1637)
	at org.springframework.beans.factory.support.AbstractAutowireCapableBeanFactory.initializeBean(AbstractAutowireCapableBeanFactory.java:1574)
	at org.springframework.beans.factory.support.AbstractAutowireCapableBeanFactory.doCreateBean(AbstractAutowireCapableBeanFactory.java:545)
	at org.springframework.beans.factory.support.AbstractAutowireCapableBeanFactory.createBean(AbstractAutowireCapableBeanFactory.java:482)
	at org.springframework.beans.factory.support.AbstractBeanFactory$1.getObject(AbstractBeanFactory.java:306)
	at org.springframework.beans.factory.support.DefaultSingletonBeanRegistry.getSingleton(DefaultSingletonBeanRegistry.java:230)
	at org.springframework.beans.factory.support.AbstractBeanFactory.doGetBean(AbstractBeanFactory.java:302)
	at org.springframework.beans.factory.support.AbstractBeanFactory.getBean(AbstractBeanFactory.java:197)
	at org.springframework.context.support.AbstractApplicationContext.getBean(AbstractApplicationContext.java:1051)
	at org.springframework.context.support.AbstractApplicationContext.finishBeanFactoryInitialization(AbstractApplicationContext.java:828)
	at org.springframework.context.support.AbstractApplicationContext.refresh(AbstractApplicationContext.java:537)
	at org.springframework.boot.context.embedded.EmbeddedWebApplicationContext.refresh(EmbeddedWebApplicationContext.java:118)
	at org.springframework.boot.SpringApplication.refresh(SpringApplication.java:752)
	at org.springframework.boot.SpringApplication.doRun(SpringApplication.java:347)
	at org.springframework.boot.SpringApplication.run(SpringApplication.java:295)
	at org.springframework.boot.builder.SpringApplicationBuilder.run(SpringApplicationBuilder.java:134)
	at com.gafis.SpringbootMyBatisApplication.main(SpringbootMyBatisApplication.java:72)
Caused by: oracle.net.ns.NetException: The Network Adapter could not establish the connection
	at oracle.net.nt.ConnStrategy.execute(ConnStrategy.java:392)
	at oracle.net.resolver.AddrResolution.resolveAndExecute(AddrResolution.java:434)
	at oracle.net.ns.NSProtocol.establishConnection(NSProtocol.java:687)
	at oracle.net.ns.NSProtocol.connect(NSProtocol.java:247)
	at oracle.jdbc.driver.T4CConnection.connect(T4CConnection.java:1102)
	at oracle.jdbc.driver.T4CConnection.logon(T4CConnection.java:320)
	... 45 more
Caused by: java.net.SocketTimeoutException: connect timed out
	at java.net.PlainSocketImpl.socketConnect(Native Method)
	at java.net.AbstractPlainSocketImpl.doConnect(AbstractPlainSocketImpl.java:339)
	at java.net.AbstractPlainSocketImpl.connectToAddress(AbstractPlainSocketImpl.java:200)
	at java.net.AbstractPlainSocketImpl.connect(AbstractPlainSocketImpl.java:182)
	at java.net.SocksSocketImpl.connect(SocksSocketImpl.java:392)
	at java.net.Socket.connect(Socket.java:579)
	at oracle.net.nt.TcpNTAdapter.connect(TcpNTAdapter.java:150)
	at oracle.net.nt.ConnOption.connect(ConnOption.java:133)
	at oracle.net.nt.ConnStrategy.execute(ConnStrategy.java:370)
	... 50 more
2017-08-29 19:06:36  [ main:124454 ] - [ WARN ]  HHH000342: Could not obtain connection to query metadata : IO 错误: The Network Adapter could not establish the connection
  2017-08-29 19:06:36  [ main:124456 ] - [ WARN ]  Exception encountered during context initialization - cancelling refresh attempt: org.springframework.beans.factory.BeanCreationException: Error creating bean with name 'entityManagerFactory' defined in class path resource [org/springframework/boot/autoconfigure/orm/jpa/HibernateJpaAutoConfiguration.class]: Invocation of init method failed; nested exception is org.hibernate.HibernateException: Access to DialectResolutionInfo cannot be null when 'hibernate.dialect' not set
  2017-08-29 19:06:36  [ main:124462 ] - [ INFO ]  Stopping service Tomcat
  2017-08-29 19:06:36  [ main:124471 ] - [ INFO ]  Application failed to start with classpath: [file:/Library/Java/JavaVirtualMachines/jdk1.7.0_71.jdk/Contents/Home/jre/lib/charsets.jar, file:/Library/Java/JavaVirtualMachines/jdk1.7.0_71.jdk/Contents/Home/jre/lib/deploy.jar, file:/Library/Java/JavaVirtualMachines/jdk1.7.0_71.jdk/Contents/Home/jre/lib/ext/dnsns.jar, file:/Library/Java/JavaVirtualMachines/jdk1.7.0_71.jdk/Contents/Home/jre/lib/ext/localedata.jar, file:/Library/Java/JavaVirtualMachines/jdk1.7.0_71.jdk/Contents/Home/jre/lib/ext/sunec.jar, file:/Library/Java/JavaVirtualMachines/jdk1.7.0_71.jdk/Contents/Home/jre/lib/ext/sunjce_provider.jar, file:/Library/Java/JavaVirtualMachines/jdk1.7.0_71.jdk/Contents/Home/jre/lib/ext/sunpkcs11.jar, file:/Library/Java/JavaVirtualMachines/jdk1.7.0_71.jdk/Contents/Home/jre/lib/ext/zipfs.jar, file:/Library/Java/JavaVirtualMachines/jdk1.7.0_71.jdk/Contents/Home/jre/lib/htmlconverter.jar, file:/Library/Java/JavaVirtualMachines/jdk1.7.0_71.jdk/Contents/Home/jre/lib/javaws.jar, file:/Library/Java/JavaVirtualMachines/jdk1.7.0_71.jdk/Contents/Home/jre/lib/jce.jar, file:/Library/Java/JavaVirtualMachines/jdk1.7.0_71.jdk/Contents/Home/jre/lib/jfr.jar, file:/Library/Java/JavaVirtualMachines/jdk1.7.0_71.jdk/Contents/Home/jre/lib/jfxrt.jar, file:/Library/Java/JavaVirtualMachines/jdk1.7.0_71.jdk/Contents/Home/jre/lib/jsse.jar, file:/Library/Java/JavaVirtualMachines/jdk1.7.0_71.jdk/Contents/Home/jre/lib/management-agent.jar, file:/Library/Java/JavaVirtualMachines/jdk1.7.0_71.jdk/Contents/Home/jre/lib/plugin.jar, file:/Library/Java/JavaVirtualMachines/jdk1.7.0_71.jdk/Contents/Home/jre/lib/resources.jar, file:/Library/Java/JavaVirtualMachines/jdk1.7.0_71.jdk/Contents/Home/jre/lib/rt.jar, file:/Library/Java/JavaVirtualMachines/jdk1.7.0_71.jdk/Contents/Home/lib/ant-javafx.jar, file:/Library/Java/JavaVirtualMachines/jdk1.7.0_71.jdk/Contents/Home/lib/dt.jar, file:/Library/Java/JavaVirtualMachines/jdk1.7.0_71.jdk/Contents/Home/lib/javafx-doclet.jar, file:/Library/Java/JavaVirtualMachines/jdk1.7.0_71.jdk/Contents/Home/lib/javafx-mx.jar, file:/Library/Java/JavaVirtualMachines/jdk1.7.0_71.jdk/Contents/Home/lib/jconsole.jar, file:/Library/Java/JavaVirtualMachines/jdk1.7.0_71.jdk/Contents/Home/lib/sa-jdi.jar, file:/Library/Java/JavaVirtualMachines/jdk1.7.0_71.jdk/Contents/Home/lib/tools.jar, file:/Users/lasia/IdeaProjects/monadSvr/target/classes/, file:/Users/lasia/Desktop/respository/org/elasticsearch/elasticsearch/2.1.0/elasticsearch-2.1.0.jar, file:/Users/lasia/Desktop/respository/org/apache/lucene/lucene-core/5.3.1/lucene-core-5.3.1.jar, file:/Users/lasia/Desktop/respository/org/apache/lucene/lucene-backward-codecs/5.3.1/lucene-backward-codecs-5.3.1.jar, file:/Users/lasia/Desktop/respository/org/apache/lucene/lucene-analyzers-common/5.3.1/lucene-analyzers-common-5.3.1.jar, file:/Users/lasia/Desktop/respository/org/apache/lucene/lucene-queries/5.3.1/lucene-queries-5.3.1.jar, file:/Users/lasia/Desktop/respository/org/apache/lucene/lucene-memory/5.3.1/lucene-memory-5.3.1.jar, file:/Users/lasia/Desktop/respository/org/apache/lucene/lucene-highlighter/5.3.1/lucene-highlighter-5.3.1.jar, file:/Users/lasia/Desktop/respository/org/apache/lucene/lucene-queryparser/5.3.1/lucene-queryparser-5.3.1.jar, file:/Users/lasia/Desktop/respository/org/apache/lucene/lucene-sandbox/5.3.1/lucene-sandbox-5.3.1.jar, file:/Users/lasia/Desktop/respository/org/apache/lucene/lucene-suggest/5.3.1/lucene-suggest-5.3.1.jar, file:/Users/lasia/Desktop/respository/org/apache/lucene/lucene-misc/5.3.1/lucene-misc-5.3.1.jar, file:/Users/lasia/Desktop/respository/org/apache/lucene/lucene-join/5.3.1/lucene-join-5.3.1.jar, file:/Users/lasia/Desktop/respository/org/apache/lucene/lucene-grouping/5.3.1/lucene-grouping-5.3.1.jar, file:/Users/lasia/Desktop/respository/org/apache/lucene/lucene-spatial/5.3.1/lucene-spatial-5.3.1.jar, file:/Users/lasia/Desktop/respository/org/apache/lucene/lucene-spatial3d/5.3.1/lucene-spatial3d-5.3.1.jar, file:/Users/lasia/Desktop/respository/com/spatial4j/spatial4j/0.4.1/spatial4j-0.4.1.jar, file:/Users/lasia/Desktop/respository/com/google/guava/guava/18.0/guava-18.0.jar, file:/Users/lasia/Desktop/respository/com/carrotsearch/hppc/0.7.1/hppc-0.7.1.jar, file:/Users/lasia/Desktop/respository/joda-time/joda-time/2.8.2/joda-time-2.8.2.jar, file:/Users/lasia/Desktop/respository/org/joda/joda-convert/1.2/joda-convert-1.2.jar, file:/Users/lasia/Desktop/respository/com/fasterxml/jackson/dataformat/jackson-dataformat-smile/2.6.2/jackson-dataformat-smile-2.6.2.jar, file:/Users/lasia/Desktop/respository/com/fasterxml/jackson/dataformat/jackson-dataformat-yaml/2.6.3/jackson-dataformat-yaml-2.6.3.jar, file:/Users/lasia/Desktop/respository/com/fasterxml/jackson/dataformat/jackson-dataformat-cbor/2.6.2/jackson-dataformat-cbor-2.6.2.jar, file:/Users/lasia/Desktop/respository/io/netty/netty/3.10.5.Final/netty-3.10.5.Final.jar, file:/Users/lasia/Desktop/respository/com/ning/compress-lzf/1.0.2/compress-lzf-1.0.2.jar, file:/Users/lasia/Desktop/respository/com/tdunning/t-digest/3.0/t-digest-3.0.jar, file:/Users/lasia/Desktop/respository/org/hdrhistogram/HdrHistogram/2.1.6/HdrHistogram-2.1.6.jar, file:/Users/lasia/Desktop/respository/commons-cli/commons-cli/1.3.1/commons-cli-1.3.1.jar, file:/Users/lasia/Desktop/respository/com/twitter/jsr166e/1.1.0/jsr166e-1.1.0.jar, file:/Users/lasia/Desktop/respository/com/fasterxml/jackson/core/jackson-databind/2.9.0.pr3/jackson-databind-2.9.0.pr3.jar, file:/Users/lasia/Desktop/respository/com/fasterxml/jackson/core/jackson-annotations/2.9.0.pr3/jackson-annotations-2.9.0.pr3.jar, file:/Users/lasia/Desktop/respository/com/fasterxml/jackson/core/jackson-core/2.9.0.pr3/jackson-core-2.9.0.pr3.jar, file:/Users/lasia/Desktop/respository/org/springframework/boot/spring-boot-starter-web/1.3.0.RELEASE/spring-boot-starter-web-1.3.0.RELEASE.jar, file:/Users/lasia/Desktop/respository/org/springframework/boot/spring-boot-starter-tomcat/1.3.0.RELEASE/spring-boot-starter-tomcat-1.3.0.RELEASE.jar, file:/Users/lasia/Desktop/respository/org/apache/tomcat/embed/tomcat-embed-core/8.0.28/tomcat-embed-core-8.0.28.jar, file:/Users/lasia/Desktop/respository/org/apache/tomcat/embed/tomcat-embed-el/8.0.28/tomcat-embed-el-8.0.28.jar, file:/Users/lasia/Desktop/respository/org/apache/tomcat/embed/tomcat-embed-logging-juli/8.0.28/tomcat-embed-logging-juli-8.0.28.jar, file:/Users/lasia/Desktop/respository/org/apache/tomcat/embed/tomcat-embed-websocket/8.0.28/tomcat-embed-websocket-8.0.28.jar, file:/Users/lasia/Desktop/respository/org/springframework/boot/spring-boot-starter-validation/1.3.0.RELEASE/spring-boot-starter-validation-1.3.0.RELEASE.jar, file:/Users/lasia/Desktop/respository/org/hibernate/hibernate-validator/5.2.2.Final/hibernate-validator-5.2.2.Final.jar, file:/Users/lasia/Desktop/respository/javax/validation/validation-api/1.1.0.Final/validation-api-1.1.0.Final.jar, file:/Users/lasia/Desktop/respository/com/fasterxml/classmate/1.1.0/classmate-1.1.0.jar, file:/Users/lasia/Desktop/respository/org/springframework/spring-web/4.2.3.RELEASE/spring-web-4.2.3.RELEASE.jar, file:/Users/lasia/Desktop/respository/org/springframework/spring-beans/4.2.3.RELEASE/spring-beans-4.2.3.RELEASE.jar, file:/Users/lasia/Desktop/respository/org/springframework/spring-context/4.2.3.RELEASE/spring-context-4.2.3.RELEASE.jar, file:/Users/lasia/Desktop/respository/org/springframework/spring-webmvc/4.2.3.RELEASE/spring-webmvc-4.2.3.RELEASE.jar, file:/Users/lasia/Desktop/respository/org/springframework/spring-expression/4.2.3.RELEASE/spring-expression-4.2.3.RELEASE.jar, file:/Users/lasia/Desktop/respository/org/springframework/boot/spring-boot-starter-freemarker/1.3.0.RELEASE/spring-boot-starter-freemarker-1.3.0.RELEASE.jar, file:/Users/lasia/Desktop/respository/org/freemarker/freemarker/2.3.23/freemarker-2.3.23.jar, file:/Users/lasia/Desktop/respository/org/springframework/spring-context-support/4.2.3.RELEASE/spring-context-support-4.2.3.RELEASE.jar, file:/Users/lasia/Desktop/respository/org/springframework/cloud/spring-cloud-starter-eureka/1.1.0.RELEASE/spring-cloud-starter-eureka-1.1.0.RELEASE.jar, file:/Users/lasia/Desktop/respository/org/springframework/cloud/spring-cloud-starter/1.1.0.RELEASE/spring-cloud-starter-1.1.0.RELEASE.jar, file:/Users/lasia/Desktop/respository/org/springframework/cloud/spring-cloud-context/1.1.0.RELEASE/spring-cloud-context-1.1.0.RELEASE.jar, file:/Users/lasia/Desktop/respository/org/springframework/security/spring-security-crypto/4.0.3.RELEASE/spring-security-crypto-4.0.3.RELEASE.jar, file:/Users/lasia/Desktop/respository/org/springframework/cloud/spring-cloud-commons/1.1.0.RELEASE/spring-cloud-commons-1.1.0.RELEASE.jar, file:/Users/lasia/Desktop/respository/org/springframework/security/spring-security-rsa/1.0.1.RELEASE/spring-security-rsa-1.0.1.RELEASE.jar, file:/Users/lasia/Desktop/respository/org/bouncycastle/bcpkix-jdk15on/1.47/bcpkix-jdk15on-1.47.jar, file:/Users/lasia/Desktop/respository/org/bouncycastle/bcprov-jdk15on/1.47/bcprov-jdk15on-1.47.jar, file:/Users/lasia/Desktop/respository/org/springframework/cloud/spring-cloud-netflix-core/1.1.0.RELEASE/spring-cloud-netflix-core-1.1.0.RELEASE.jar, file:/Users/lasia/Desktop/respository/org/springframework/cloud/spring-cloud-netflix-eureka-client/1.1.0.RELEASE/spring-cloud-netflix-eureka-client-1.1.0.RELEASE.jar, file:/Users/lasia/Desktop/respository/com/netflix/eureka/eureka-client/1.4.6/eureka-client-1.4.6.jar, file:/Users/lasia/Desktop/respository/org/codehaus/jettison/jettison/1.3.7/jettison-1.3.7.jar, file:/Users/lasia/Desktop/respository/stax/stax-api/1.0.1/stax-api-1.0.1.jar, file:/Users/lasia/Desktop/respository/com/netflix/netflix-commons/netflix-eventbus/0.3.0/netflix-eventbus-0.3.0.jar, file:/Users/lasia/Desktop/respository/com/netflix/archaius/archaius-core/0.7.4/archaius-core-0.7.4.jar, file:/Users/lasia/Desktop/respository/javax/ws/rs/jsr311-api/1.1.1/jsr311-api-1.1.1.jar, file:/Users/lasia/Desktop/respository/com/netflix/servo/servo-core/0.10.1/servo-core-0.10.1.jar, file:/Users/lasia/Desktop/respository/com/netflix/servo/servo-internal/0.10.1/servo-internal-0.10.1.jar, file:/Users/lasia/Desktop/respository/com/sun/jersey/jersey-core/1.19.1/jersey-core-1.19.1.jar, file:/Users/lasia/Desktop/respository/com/sun/jersey/jersey-client/1.19.1/jersey-client-1.19.1.jar, file:/Users/lasia/Desktop/respository/com/sun/jersey/contribs/jersey-apache-client4/1.19.1/jersey-apache-client4-1.19.1.jar, file:/Users/lasia/Desktop/respository/org/apache/httpcomponents/httpclient/4.5.1/httpclient-4.5.1.jar, file:/Users/lasia/Desktop/respository/org/apache/httpcomponents/httpcore/4.4.4/httpcore-4.4.4.jar, file:/Users/lasia/Desktop/respository/commons-codec/commons-codec/1.9/commons-codec-1.9.jar, file:/Users/lasia/Desktop/respository/com/google/inject/guice/4.0/guice-4.0.jar, file:/Users/lasia/Desktop/respository/javax/inject/javax.inject/1/javax.inject-1.jar, file:/Users/lasia/Desktop/respository/com/netflix/governator/governator-api/1.12.10/governator-api-1.12.10.jar, file:/Users/lasia/Desktop/respository/com/netflix/eureka/eureka-core/1.4.6/eureka-core-1.4.6.jar, file:/Users/lasia/Desktop/respository/com/amazonaws/aws-java-sdk-core/1.10.30/aws-java-sdk-core-1.10.30.jar, file:/Users/lasia/Desktop/respository/com/amazonaws/aws-java-sdk-ec2/1.10.30/aws-java-sdk-ec2-1.10.30.jar, file:/Users/lasia/Desktop/respository/com/amazonaws/aws-java-sdk-autoscaling/1.9.3/aws-java-sdk-autoscaling-1.9.3.jar, file:/Users/lasia/Desktop/respository/com/amazonaws/aws-java-sdk-sts/1.9.3/aws-java-sdk-sts-1.9.3.jar, file:/Users/lasia/Desktop/respository/com/amazonaws/aws-java-sdk-route53/1.9.3/aws-java-sdk-route53-1.9.3.jar, file:/Users/lasia/Desktop/respository/com/netflix/governator/governator/1.12.10/governator-1.12.10.jar, file:/Users/lasia/Desktop/respository/com/netflix/governator/governator-core/1.12.10/governator-core-1.12.10.jar, file:/Users/lasia/Desktop/respository/org/ow2/asm/asm/5.0.4/asm-5.0.4.jar, file:/Users/lasia/Desktop/respository/org/codehaus/woodstox/woodstox-core-asl/4.4.1/woodstox-core-asl-4.4.1.jar, file:/Users/lasia/Desktop/respository/javax/xml/stream/stax-api/1.0-2/stax-api-1.0-2.jar, file:/Users/lasia/Desktop/respository/org/codehaus/woodstox/stax2-api/3.1.4/stax2-api-3.1.4.jar, file:/Users/lasia/Desktop/respository/org/springframework/cloud/spring-cloud-starter-archaius/1.1.0.RELEASE/spring-cloud-starter-archaius-1.1.0.RELEASE.jar, file:/Users/lasia/Desktop/respository/commons-configuration/commons-configuration/1.8/commons-configuration-1.8.jar, file:/Users/lasia/Desktop/respository/org/springframework/cloud/spring-cloud-starter-ribbon/1.1.0.RELEASE/spring-cloud-starter-ribbon-1.1.0.RELEASE.jar, file:/Users/lasia/Desktop/respository/com/netflix/ribbon/ribbon/2.1.5/ribbon-2.1.5.jar, file:/Users/lasia/Desktop/respository/com/netflix/ribbon/ribbon-transport/2.1.5/ribbon-transport-2.1.5.jar, file:/Users/lasia/Desktop/respository/io/reactivex/rxnetty-contexts/0.4.9/rxnetty-contexts-0.4.9.jar, file:/Users/lasia/Desktop/respository/io/reactivex/rxnetty-servo/0.4.9/rxnetty-servo-0.4.9.jar, file:/Users/lasia/Desktop/respository/com/netflix/hystrix/hystrix-core/1.5.2/hystrix-core-1.5.2.jar, file:/Users/lasia/Desktop/respository/io/reactivex/rxnetty/0.4.9/rxnetty-0.4.9.jar, file:/Users/lasia/Desktop/respository/io/netty/netty-codec-http/4.0.27.Final/netty-codec-http-4.0.27.Final.jar, file:/Users/lasia/Desktop/respository/io/netty/netty-codec/4.0.27.Final/netty-codec-4.0.27.Final.jar, file:/Users/lasia/Desktop/respository/io/netty/netty-handler/4.0.27.Final/netty-handler-4.0.27.Final.jar, file:/Users/lasia/Desktop/respository/io/netty/netty-transport-native-epoll/4.0.27.Final/netty-transport-native-epoll-4.0.27.Final.jar, file:/Users/lasia/Desktop/respository/io/netty/netty-common/4.0.27.Final/netty-common-4.0.27.Final.jar, file:/Users/lasia/Desktop/respository/io/netty/netty-buffer/4.0.27.Final/netty-buffer-4.0.27.Final.jar, file:/Users/lasia/Desktop/respository/io/netty/netty-transport/4.0.27.Final/netty-transport-4.0.27.Final.jar, file:/Users/lasia/Desktop/respository/com/netflix/ribbon/ribbon-core/2.1.5/ribbon-core-2.1.5.jar, file:/Users/lasia/Desktop/respository/com/netflix/ribbon/ribbon-httpclient/2.1.5/ribbon-httpclient-2.1.5.jar, file:/Users/lasia/Desktop/respository/com/netflix/netflix-commons/netflix-commons-util/0.1.1/netflix-commons-util-0.1.1.jar, file:/Users/lasia/Desktop/respository/com/netflix/ribbon/ribbon-loadbalancer/2.1.5/ribbon-loadbalancer-2.1.5.jar, file:/Users/lasia/Desktop/respository/com/netflix/netflix-commons/netflix-statistics/0.1.1/netflix-statistics-0.1.1.jar, file:/Users/lasia/Desktop/respository/io/reactivex/rxjava/1.1.5/rxjava-1.1.5.jar, file:/Users/lasia/Desktop/respository/com/netflix/ribbon/ribbon-eureka/2.1.5/ribbon-eureka-2.1.5.jar, file:/Users/lasia/Desktop/respository/org/slf4j/slf4j-api/1.7.13/slf4j-api-1.7.13.jar, file:/Users/lasia/Desktop/respository/com/thoughtworks/xstream/xstream/1.4.2/xstream-1.4.2.jar, file:/Users/lasia/Desktop/respository/xmlpull/xmlpull/1.1.3.1/xmlpull-1.1.3.1.jar, file:/Users/lasia/Desktop/respository/xpp3/xpp3_min/1.1.4c/xpp3_min-1.1.4c.jar, file:/Users/lasia/Desktop/respository/org/springframework/boot/spring-boot-starter/1.3.0.RELEASE/spring-boot-starter-1.3.0.RELEASE.jar, file:/Users/lasia/Desktop/respository/org/springframework/boot/spring-boot/1.3.0.RELEASE/spring-boot-1.3.0.RELEASE.jar, file:/Users/lasia/Desktop/respository/org/springframework/boot/spring-boot-autoconfigure/1.3.0.RELEASE/spring-boot-autoconfigure-1.3.0.RELEASE.jar, file:/Users/lasia/Desktop/respository/org/springframework/spring-core/4.2.3.RELEASE/spring-core-4.2.3.RELEASE.jar, file:/Users/lasia/Desktop/respository/org/yaml/snakeyaml/1.16/snakeyaml-1.16.jar, file:/Users/lasia/Desktop/respository/org/springframework/boot/spring-boot-starter-log4j/1.3.0.RELEASE/spring-boot-starter-log4j-1.3.0.RELEASE.jar, file:/Users/lasia/Desktop/respository/org/slf4j/jcl-over-slf4j/1.7.13/jcl-over-slf4j-1.7.13.jar, file:/Users/lasia/Desktop/respository/org/slf4j/jul-to-slf4j/1.7.13/jul-to-slf4j-1.7.13.jar, file:/Users/lasia/Desktop/respository/org/slf4j/slf4j-log4j12/1.7.13/slf4j-log4j12-1.7.13.jar, file:/Users/lasia/Desktop/respository/log4j/log4j/1.2.17/log4j-1.2.17.jar, file:/Users/lasia/Desktop/respository/org/springframework/boot/spring-boot-starter-aop/1.3.0.RELEASE/spring-boot-starter-aop-1.3.0.RELEASE.jar, file:/Users/lasia/Desktop/respository/org/springframework/spring-aop/4.2.3.RELEASE/spring-aop-4.2.3.RELEASE.jar, file:/Users/lasia/Desktop/respository/aopalliance/aopalliance/1.0/aopalliance-1.0.jar, file:/Users/lasia/Desktop/respository/org/aspectj/aspectjweaver/1.8.7/aspectjweaver-1.8.7.jar, file:/Users/lasia/Desktop/respository/org/springframework/boot/spring-boot-starter-data-jpa/1.3.0.RELEASE/spring-boot-starter-data-jpa-1.3.0.RELEASE.jar, file:/Users/lasia/Desktop/respository/org/springframework/boot/spring-boot-starter-jdbc/1.3.0.RELEASE/spring-boot-starter-jdbc-1.3.0.RELEASE.jar, file:/Users/lasia/Desktop/respository/org/apache/tomcat/tomcat-jdbc/8.0.28/tomcat-jdbc-8.0.28.jar, file:/Users/lasia/Desktop/respository/org/apache/tomcat/tomcat-juli/8.0.28/tomcat-juli-8.0.28.jar, file:/Users/lasia/Desktop/respository/org/springframework/spring-jdbc/4.2.3.RELEASE/spring-jdbc-4.2.3.RELEASE.jar, file:/Users/lasia/Desktop/respository/org/hibernate/hibernate-entitymanager/4.3.11.Final/hibernate-entitymanager-4.3.11.Final.jar, file:/Users/lasia/Desktop/respository/org/jboss/logging/jboss-logging/3.3.0.Final/jboss-logging-3.3.0.Final.jar, file:/Users/lasia/Desktop/respository/org/jboss/logging/jboss-logging-annotations/1.2.0.Beta1/jboss-logging-annotations-1.2.0.Beta1.jar, file:/Users/lasia/Desktop/respository/org/hibernate/hibernate-core/4.3.11.Final/hibernate-core-4.3.11.Final.jar, file:/Users/lasia/Desktop/respository/antlr/antlr/2.7.7/antlr-2.7.7.jar, file:/Users/lasia/Desktop/respository/org/jboss/jandex/1.1.0.Final/jandex-1.1.0.Final.jar, file:/Users/lasia/Desktop/respository/org/hibernate/common/hibernate-commons-annotations/4.0.5.Final/hibernate-commons-annotations-4.0.5.Final.jar, file:/Users/lasia/Desktop/respository/org/hibernate/javax/persistence/hibernate-jpa-2.1-api/1.0.0.Final/hibernate-jpa-2.1-api-1.0.0.Final.jar, file:/Users/lasia/Desktop/respository/org/javassist/javassist/3.18.1-GA/javassist-3.18.1-GA.jar, file:/Users/lasia/Desktop/respository/javax/transaction/javax.transaction-api/1.2/javax.transaction-api-1.2.jar, file:/Users/lasia/Desktop/respository/org/springframework/data/spring-data-jpa/1.9.1.RELEASE/spring-data-jpa-1.9.1.RELEASE.jar, file:/Users/lasia/Desktop/respository/org/springframework/data/spring-data-commons/1.11.1.RELEASE/spring-data-commons-1.11.1.RELEASE.jar, file:/Users/lasia/Desktop/respository/org/springframework/spring-orm/4.2.3.RELEASE/spring-orm-4.2.3.RELEASE.jar, file:/Users/lasia/Desktop/respository/org/springframework/spring-tx/4.2.3.RELEASE/spring-tx-4.2.3.RELEASE.jar, file:/Users/lasia/Desktop/respository/org/springframework/spring-aspects/4.2.3.RELEASE/spring-aspects-4.2.3.RELEASE.jar, file:/Users/lasia/Desktop/respository/org/mybatis/spring/boot/mybatis-spring-boot-starter/1.1.1/mybatis-spring-boot-starter-1.1.1.jar, file:/Users/lasia/Desktop/respository/org/mybatis/spring/boot/mybatis-spring-boot-autoconfigure/1.1.1/mybatis-spring-boot-autoconfigure-1.1.1.jar, file:/Users/lasia/Desktop/respository/org/mybatis/mybatis/3.4.0/mybatis-3.4.0.jar, file:/Users/lasia/Desktop/respository/org/mybatis/mybatis-spring/1.3.0/mybatis-spring-1.3.0.jar, file:/Users/lasia/Desktop/respository/org/springframework/boot/spring-boot-starter-actuator/1.3.0.RELEASE/spring-boot-starter-actuator-1.3.0.RELEASE.jar, file:/Users/lasia/Desktop/respository/org/springframework/boot/spring-boot-actuator/1.3.0.RELEASE/spring-boot-actuator-1.3.0.RELEASE.jar, file:/Users/lasia/Desktop/respository/com/oracle/ojdbc6/11.2.0.3.0/ojdbc6-11.2.0.3.0.jar, file:/Users/lasia/Desktop/respository/javax/xml/rpc/javax.xml.rpc-api/1.1.1/javax.xml.rpc-api-1.1.1.jar, file:/Users/lasia/Desktop/respository/org/apache/axis/axis/1.4/axis-1.4.jar, file:/Users/lasia/Desktop/respository/dom4j/dom4j/1.6.1/dom4j-1.6.1.jar, file:/Users/lasia/Desktop/respository/xml-apis/xml-apis/1.0.b2/xml-apis-1.0.b2.jar, file:/Users/lasia/Desktop/respository/net/sf/json-lib/json-lib/2.3/json-lib-2.3.jar, file:/Users/lasia/Desktop/respository/commons-beanutils/commons-beanutils/1.9.2/commons-beanutils-1.9.2.jar, file:/Users/lasia/Desktop/respository/commons-collections/commons-collections/3.2.1/commons-collections-3.2.1.jar, file:/Users/lasia/Desktop/respository/commons-lang/commons-lang/2.4/commons-lang-2.4.jar, file:/Users/lasia/Desktop/respository/commons-logging/commons-logging/1.1.1/commons-logging-1.1.1.jar, file:/Users/lasia/Desktop/respository/net/sf/ezmorph/ezmorph/1.0.6/ezmorph-1.0.6.jar, file:/Users/lasia/Desktop/respository/org/springframework/spring-test/4.0.2.RELEASE/spring-test-4.0.2.RELEASE.jar, file:/Applications/IntelliJ%20IDEA.app/Contents/lib/idea_rt.jar]
  2017-08-29 19:06:36  [ main:124471 ] - [ ERROR ]  Application startup failed
  org.springframework.beans.factory.BeanCreationException: Error creating bean with name 'entityManagerFactory' defined in class path resource [org/springframework/boot/autoconfigure/orm/jpa/HibernateJpaAutoConfiguration.class]: Invocation of init method failed; nested exception is org.hibernate.HibernateException: Access to DialectResolutionInfo cannot be null when 'hibernate.dialect' not set
	at org.springframework.beans.factory.support.AbstractAutowireCapableBeanFactory.initializeBean(AbstractAutowireCapableBeanFactory.java:1578)
	at org.springframework.beans.factory.support.AbstractAutowireCapableBeanFactory.doCreateBean(AbstractAutowireCapableBeanFactory.java:545)
	at org.springframework.beans.factory.support.AbstractAutowireCapableBeanFactory.createBean(AbstractAutowireCapableBeanFactory.java:482)
	at org.springframework.beans.factory.support.AbstractBeanFactory$1.getObject(AbstractBeanFactory.java:306)
	at org.springframework.beans.factory.support.DefaultSingletonBeanRegistry.getSingleton(DefaultSingletonBeanRegistry.java:230)
	at org.springframework.beans.factory.support.AbstractBeanFactory.doGetBean(AbstractBeanFactory.java:302)
	at org.springframework.beans.factory.support.AbstractBeanFactory.getBean(AbstractBeanFactory.java:197)
	at org.springframework.context.support.AbstractApplicationContext.getBean(AbstractApplicationContext.java:1051)
	at org.springframework.context.support.AbstractApplicationContext.finishBeanFactoryInitialization(AbstractApplicationContext.java:828)
	at org.springframework.context.support.AbstractApplicationContext.refresh(AbstractApplicationContext.java:537)
	at org.springframework.boot.context.embedded.EmbeddedWebApplicationContext.refresh(EmbeddedWebApplicationContext.java:118)
	at org.springframework.boot.SpringApplication.refresh(SpringApplication.java:752)
	at org.springframework.boot.SpringApplication.doRun(SpringApplication.java:347)
	at org.springframework.boot.SpringApplication.run(SpringApplication.java:295)
	at org.springframework.boot.builder.SpringApplicationBuilder.run(SpringApplicationBuilder.java:134)
	at com.gafis.SpringbootMyBatisApplication.main(SpringbootMyBatisApplication.java:72)
Caused by: org.hibernate.HibernateException: Access to DialectResolutionInfo cannot be null when 'hibernate.dialect' not set
	at org.hibernate.engine.jdbc.dialect.internal.DialectFactoryImpl.determineDialect(DialectFactoryImpl.java:104)
	at org.hibernate.engine.jdbc.dialect.internal.DialectFactoryImpl.buildDialect(DialectFactoryImpl.java:71)
	at org.hibernate.engine.jdbc.internal.JdbcServicesImpl.configure(JdbcServicesImpl.java:205)
	at org.hibernate.boot.registry.internal.StandardServiceRegistryImpl.configureService(StandardServiceRegistryImpl.java:111)
	at org.hibernate.service.internal.AbstractServiceRegistryImpl.initializeService(AbstractServiceRegistryImpl.java:234)
	at org.hibernate.service.internal.AbstractServiceRegistryImpl.getService(AbstractServiceRegistryImpl.java:206)
	at org.hibernate.cfg.Configuration.buildTypeRegistrations(Configuration.java:1887)
	at org.hibernate.cfg.Configuration.buildSessionFactory(Configuration.java:1845)
	at org.hibernate.jpa.boot.internal.EntityManagerFactoryBuilderImpl$4.perform(EntityManagerFactoryBuilderImpl.java:857)
	at org.hibernate.jpa.boot.internal.EntityManagerFactoryBuilderImpl$4.perform(EntityManagerFactoryBuilderImpl.java:850)
	at org.hibernate.boot.registry.classloading.internal.ClassLoaderServiceImpl.withTccl(ClassLoaderServiceImpl.java:425)
	at org.hibernate.jpa.boot.internal.EntityManagerFactoryBuilderImpl.build(EntityManagerFactoryBuilderImpl.java:849)
	at org.springframework.orm.jpa.vendor.SpringHibernateJpaPersistenceProvider.createContainerEntityManagerFactory(SpringHibernateJpaPersistenceProvider.java:60)
	at org.springframework.orm.jpa.LocalContainerEntityManagerFactoryBean.createNativeEntityManagerFactory(LocalContainerEntityManagerFactoryBean.java:343)
	at org.springframework.orm.jpa.AbstractEntityManagerFactoryBean.afterPropertiesSet(AbstractEntityManagerFactoryBean.java:318)
	at org.springframework.beans.factory.support.AbstractAutowireCapableBeanFactory.invokeInitMethods(AbstractAutowireCapableBeanFactory.java:1637)
	at org.springframework.beans.factory.support.AbstractAutowireCapableBeanFactory.initializeBean(AbstractAutowireCapableBeanFactory.java:1574)
	... 15 more
2017-08-29 19:25:58  [ main:0 ] - [ INFO ]  Refreshing org.springframework.context.annotation.AnnotationConfigApplicationContext@3c7fd7c1: startup date [Tue Aug 29 19:25:58 CST 2017]; root of context hierarchy
  2017-08-29 19:25:58  [ pool-1-thread-1:32 ] - [ INFO ]  HV000001: Hibernate Validator 5.2.2.Final
  2017-08-29 19:25:58  [ main:283 ] - [ INFO ]  JSR-330 'javax.inject.Inject' annotation found and supported for autowiring
  2017-08-29 19:25:58  [ main:349 ] - [ INFO ]  Bean 'configurationPropertiesRebinderAutoConfiguration' of type [class org.springframework.cloud.autoconfigure.ConfigurationPropertiesRebinderAutoConfiguration$$EnhancerBySpringCGLIB$$37bfd05] is not eligible for getting processed by all BeanPostProcessors (for example: not eligible for auto-proxying)
  2017-08-29 19:25:58  [ main:587 ] - [ INFO ]  No profiles are active
  2017-08-29 19:25:58  [ main:607 ] - [ INFO ]  Refreshing org.springframework.boot.context.embedded.AnnotationConfigEmbeddedWebApplicationContext@54a494c9: startup date [Tue Aug 29 19:25:58 CST 2017]; parent: org.springframework.context.annotation.AnnotationConfigApplicationContext@3c7fd7c1
  2017-08-29 19:26:00  [ main:2227 ] - [ INFO ]  Overriding bean definition for bean 'beanNameViewResolver' with a different definition: replacing [Root bean: class [null]; scope=; abstract=false; lazyInit=false; autowireMode=3; dependencyCheck=0; autowireCandidate=true; primary=false; factoryBeanName=org.springframework.boot.autoconfigure.web.ErrorMvcAutoConfiguration$WhitelabelErrorViewConfiguration; factoryMethodName=beanNameViewResolver; initMethodName=null; destroyMethodName=(inferred); defined in class path resource [org/springframework/boot/autoconfigure/web/ErrorMvcAutoConfiguration$WhitelabelErrorViewConfiguration.class]] with [Root bean: class [null]; scope=; abstract=false; lazyInit=false; autowireMode=3; dependencyCheck=0; autowireCandidate=true; primary=false; factoryBeanName=org.springframework.boot.autoconfigure.web.WebMvcAutoConfiguration$WebMvcAutoConfigurationAdapter; factoryMethodName=beanNameViewResolver; initMethodName=null; destroyMethodName=(inferred); defined in class path resource [org/springframework/boot/autoconfigure/web/WebMvcAutoConfiguration$WebMvcAutoConfigurationAdapter.class]]
  2017-08-29 19:26:01  [ main:2759 ] - [ INFO ]  BeanFactory id=f53d0474-b1e3-32d7-b802-512aa4215fec
  2017-08-29 19:26:01  [ main:2805 ] - [ INFO ]  JSR-330 'javax.inject.Inject' annotation found and supported for autowiring
  2017-08-29 19:26:01  [ main:2917 ] - [ INFO ]  Bean 'org.springframework.transaction.annotation.ProxyTransactionManagementConfiguration' of type [class org.springframework.transaction.annotation.ProxyTransactionManagementConfiguration$$EnhancerBySpringCGLIB$$4fa295a8] is not eligible for getting processed by all BeanPostProcessors (for example: not eligible for auto-proxying)
  2017-08-29 19:26:01  [ main:2957 ] - [ INFO ]  Bean 'org.springframework.cloud.autoconfigure.ConfigurationPropertiesRebinderAutoConfiguration' of type [class org.springframework.cloud.autoconfigure.ConfigurationPropertiesRebinderAutoConfiguration$$EnhancerBySpringCGLIB$$37bfd05] is not eligible for getting processed by all BeanPostProcessors (for example: not eligible for auto-proxying)
  2017-08-29 19:26:01  [ main:2966 ] - [ INFO ]  Bean 'org.springframework.cloud.autoconfigure.RefreshEndpointAutoConfiguration' of type [class org.springframework.cloud.autoconfigure.RefreshEndpointAutoConfiguration$$EnhancerBySpringCGLIB$$3659f83b] is not eligible for getting processed by all BeanPostProcessors (for example: not eligible for auto-proxying)
  2017-08-29 19:26:01  [ main:3253 ] - [ INFO ]  Tomcat initialized with port(s): 8099 (http)
  2017-08-29 19:26:01  [ main:3263 ] - [ INFO ]  Starting service Tomcat
  2017-08-29 19:26:01  [ main:3263 ] - [ INFO ]  Starting Servlet Engine: Apache Tomcat/8.0.28
  2017-08-29 19:26:01  [ localhost-startStop-1:3392 ] - [ INFO ]  Initializing Spring embedded WebApplicationContext
  2017-08-29 19:26:01  [ localhost-startStop-1:3394 ] - [ INFO ]  Root WebApplicationContext: initialization completed in 2787 ms
  2017-08-29 19:26:02  [ localhost-startStop-1:3818 ] - [ INFO ]  Mapping servlet: 'dispatcherServlet' to [/]
  2017-08-29 19:26:02  [ localhost-startStop-1:3822 ] - [ INFO ]  Mapping filter: 'metricFilter' to: [/*]
  2017-08-29 19:26:02  [ localhost-startStop-1:3823 ] - [ INFO ]  Mapping filter: 'characterEncodingFilter' to: [/*]
  2017-08-29 19:26:02  [ localhost-startStop-1:3823 ] - [ INFO ]  Mapping filter: 'hiddenHttpMethodFilter' to: [/*]
  2017-08-29 19:26:02  [ localhost-startStop-1:3823 ] - [ INFO ]  Mapping filter: 'httpPutFormContentFilter' to: [/*]
  2017-08-29 19:26:02  [ localhost-startStop-1:3823 ] - [ INFO ]  Mapping filter: 'requestContextFilter' to: [/*]
  2017-08-29 19:26:02  [ localhost-startStop-1:3823 ] - [ INFO ]  Mapping filter: 'webRequestLoggingFilter' to: [/*]
  2017-08-29 19:26:02  [ localhost-startStop-1:3823 ] - [ INFO ]  Mapping filter: 'applicationContextIdFilter' to: [/*]
  2017-08-29 19:27:02  [ main:64146 ] - [ ERROR ]  Unable to create initial connections of pool.
  java.sql.SQLRecoverableException: IO 错误: The Network Adapter could not establish the connection
	at oracle.jdbc.driver.T4CConnection.logon(T4CConnection.java:458)
	at oracle.jdbc.driver.PhysicalConnection.<init>(PhysicalConnection.java:546)
	at oracle.jdbc.driver.T4CConnection.<init>(T4CConnection.java:236)
	at oracle.jdbc.driver.T4CDriverExtension.getConnection(T4CDriverExtension.java:32)
	at oracle.jdbc.driver.OracleDriver.connect(OracleDriver.java:521)
	at org.apache.tomcat.jdbc.pool.PooledConnection.connectUsingDriver(PooledConnection.java:307)
	at org.apache.tomcat.jdbc.pool.PooledConnection.connect(PooledConnection.java:200)
	at org.apache.tomcat.jdbc.pool.ConnectionPool.createConnection(ConnectionPool.java:708)
	at org.apache.tomcat.jdbc.pool.ConnectionPool.borrowConnection(ConnectionPool.java:642)
	at org.apache.tomcat.jdbc.pool.ConnectionPool.init(ConnectionPool.java:464)
	at org.apache.tomcat.jdbc.pool.ConnectionPool.<init>(ConnectionPool.java:141)
	at org.apache.tomcat.jdbc.pool.DataSourceProxy.pCreatePool(DataSourceProxy.java:115)
	at org.apache.tomcat.jdbc.pool.DataSourceProxy.createPool(DataSourceProxy.java:102)
	at org.apache.tomcat.jdbc.pool.DataSourceProxy.getConnection(DataSourceProxy.java:126)
	at org.springframework.jdbc.datasource.DataSourceUtils.doGetConnection(DataSourceUtils.java:111)
	at org.springframework.jdbc.datasource.DataSourceUtils.getConnection(DataSourceUtils.java:77)
	at org.springframework.jdbc.core.JdbcTemplate.execute(JdbcTemplate.java:338)
	at org.springframework.boot.autoconfigure.jdbc.EmbeddedDatabaseConnection.isEmbedded(EmbeddedDatabaseConnection.java:125)
	at org.springframework.boot.autoconfigure.orm.jpa.JpaProperties$Hibernate.getDefaultDdlAuto(JpaProperties.java:198)
	at org.springframework.boot.autoconfigure.orm.jpa.JpaProperties$Hibernate.getOrDeduceDdlAuto(JpaProperties.java:186)
	at org.springframework.boot.autoconfigure.orm.jpa.JpaProperties$Hibernate.getAdditionalProperties(JpaProperties.java:165)
	at org.springframework.boot.autoconfigure.orm.jpa.JpaProperties$Hibernate.access$000(JpaProperties.java:126)
	at org.springframework.boot.autoconfigure.orm.jpa.JpaProperties.getHibernateProperties(JpaProperties.java:123)
	at org.springframework.boot.autoconfigure.orm.jpa.HibernateJpaAutoConfiguration.getVendorProperties(HibernateJpaAutoConfiguration.java:99)
	at org.springframework.boot.autoconfigure.orm.jpa.JpaBaseConfiguration.entityManagerFactory(JpaBaseConfiguration.java:115)
	at org.springframework.boot.autoconfigure.orm.jpa.HibernateJpaAutoConfiguration$$EnhancerBySpringCGLIB$$3aaef5c8.CGLIB$entityManagerFactory$4(<generated>)
	at org.springframework.boot.autoconfigure.orm.jpa.HibernateJpaAutoConfiguration$$EnhancerBySpringCGLIB$$3aaef5c8$$FastClassBySpringCGLIB$$6afbde74.invoke(<generated>)
	at org.springframework.cglib.proxy.MethodProxy.invokeSuper(MethodProxy.java:228)
	at org.springframework.context.annotation.ConfigurationClassEnhancer$BeanMethodInterceptor.intercept(ConfigurationClassEnhancer.java:318)
	at org.springframework.boot.autoconfigure.orm.jpa.HibernateJpaAutoConfiguration$$EnhancerBySpringCGLIB$$3aaef5c8.entityManagerFactory(<generated>)
	at sun.reflect.NativeMethodAccessorImpl.invoke0(Native Method)
	at sun.reflect.NativeMethodAccessorImpl.invoke(NativeMethodAccessorImpl.java:57)
	at sun.reflect.DelegatingMethodAccessorImpl.invoke(DelegatingMethodAccessorImpl.java:43)
	at java.lang.reflect.Method.invoke(Method.java:606)
	at org.springframework.beans.factory.support.SimpleInstantiationStrategy.instantiate(SimpleInstantiationStrategy.java:162)
	at org.springframework.beans.factory.support.ConstructorResolver.instantiateUsingFactoryMethod(ConstructorResolver.java:588)
	at org.springframework.beans.factory.support.AbstractAutowireCapableBeanFactory.instantiateUsingFactoryMethod(AbstractAutowireCapableBeanFactory.java:1123)
	at org.springframework.beans.factory.support.AbstractAutowireCapableBeanFactory.createBeanInstance(AbstractAutowireCapableBeanFactory.java:1018)
	at org.springframework.beans.factory.support.AbstractAutowireCapableBeanFactory.doCreateBean(AbstractAutowireCapableBeanFactory.java:510)
	at org.springframework.beans.factory.support.AbstractAutowireCapableBeanFactory.createBean(AbstractAutowireCapableBeanFactory.java:482)
	at org.springframework.beans.factory.support.AbstractBeanFactory$1.getObject(AbstractBeanFactory.java:306)
	at org.springframework.beans.factory.support.DefaultSingletonBeanRegistry.getSingleton(DefaultSingletonBeanRegistry.java:230)
	at org.springframework.beans.factory.support.AbstractBeanFactory.doGetBean(AbstractBeanFactory.java:302)
	at org.springframework.beans.factory.support.AbstractBeanFactory.getBean(AbstractBeanFactory.java:197)
	at org.springframework.context.support.AbstractApplicationContext.getBean(AbstractApplicationContext.java:1051)
	at org.springframework.context.support.AbstractApplicationContext.finishBeanFactoryInitialization(AbstractApplicationContext.java:828)
	at org.springframework.context.support.AbstractApplicationContext.refresh(AbstractApplicationContext.java:537)
	at org.springframework.boot.context.embedded.EmbeddedWebApplicationContext.refresh(EmbeddedWebApplicationContext.java:118)
	at org.springframework.boot.SpringApplication.refresh(SpringApplication.java:752)
	at org.springframework.boot.SpringApplication.doRun(SpringApplication.java:347)
	at org.springframework.boot.SpringApplication.run(SpringApplication.java:295)
	at org.springframework.boot.builder.SpringApplicationBuilder.run(SpringApplicationBuilder.java:134)
	at com.gafis.SpringbootMyBatisApplication.main(SpringbootMyBatisApplication.java:72)
Caused by: oracle.net.ns.NetException: The Network Adapter could not establish the connection
	at oracle.net.nt.ConnStrategy.execute(ConnStrategy.java:392)
	at oracle.net.resolver.AddrResolution.resolveAndExecute(AddrResolution.java:434)
	at oracle.net.ns.NSProtocol.establishConnection(NSProtocol.java:687)
	at oracle.net.ns.NSProtocol.connect(NSProtocol.java:247)
	at oracle.jdbc.driver.T4CConnection.connect(T4CConnection.java:1102)
	at oracle.jdbc.driver.T4CConnection.logon(T4CConnection.java:320)
	... 52 more
Caused by: java.net.SocketTimeoutException: connect timed out
	at java.net.PlainSocketImpl.socketConnect(Native Method)
	at java.net.AbstractPlainSocketImpl.doConnect(AbstractPlainSocketImpl.java:339)
	at java.net.AbstractPlainSocketImpl.connectToAddress(AbstractPlainSocketImpl.java:200)
	at java.net.AbstractPlainSocketImpl.connect(AbstractPlainSocketImpl.java:182)
	at java.net.SocksSocketImpl.connect(SocksSocketImpl.java:392)
	at java.net.Socket.connect(Socket.java:579)
	at oracle.net.nt.TcpNTAdapter.connect(TcpNTAdapter.java:150)
	at oracle.net.nt.ConnOption.connect(ConnOption.java:133)
	at oracle.net.nt.ConnStrategy.execute(ConnStrategy.java:370)
	... 57 more
2017-08-29 19:27:02  [ main:64168 ] - [ INFO ]  Building JPA container EntityManagerFactory for persistence unit 'default'
  2017-08-29 19:27:02  [ main:64173 ] - [ INFO ]  HHH000204: Processing PersistenceUnitInfo [
	name: default
	...]
  2017-08-29 19:27:02  [ main:64231 ] - [ INFO ]  HHH000412: Hibernate Core {4.3.11.Final}
  2017-08-29 19:27:02  [ main:64232 ] - [ INFO ]  HHH000206: hibernate.properties not found
  2017-08-29 19:27:02  [ main:64233 ] - [ INFO ]  HHH000021: Bytecode provider name : javassist
  2017-08-29 19:27:02  [ main:64341 ] - [ INFO ]  HCANN000001: Hibernate Commons Annotations {4.0.5.Final}
  